2025-01-28 10:49:00 | WARN | repo=arquillian-phantom-binary | action=edit | files=3
2025-07-13 13:39:00 | WARN | repo=arquillian-phantom-binary | action=commit
2025-05-02 19:51:00 | DEBUG | repo=arquillian-phantom-binary | action=commit
2025-02-02 12:25:00 | WARN | repo=arquillian-phantom-binary | action=commit
2025-07-16 13:22:00 | DEBUG | repo=arquillian-phantom-binary | action=commit
2025-05-09 14:37:00 | DEBUG | repo=arquillian-phantom-binary | action=edit | files=4
2025-10-05 13:33:00 | WARN | repo=arquillian-phantom-binary | action=commit
2025-02-15 14:33:00 | DEBUG | repo=arquillian-phantom-binary | action=edit | files=2
2025-01-24 15:25:00 | DEBUG | repo=arquillian-phantom-binary | action=commit
2025-02-13 08:17:00 | DEBUG | repo=arquillian-phantom-binary | action=edit | files=1
2025-05-24 15:04:00 | INFO | repo=arquillian-phantom-binary | action=pull
2025-06-14 15:28:00 | WARN | repo=arquillian-phantom-binary | action=commit
2025-08-08 10:11:00 | INFO | repo=arquillian-phantom-binary | action=test | passed=true
2025-09-20 20:54:00 | INFO | repo=arquillian-phantom-binary | action=test | passed=true
2025-09-25 14:19:00 | INFO | repo=arquillian-phantom-binary | action=commit
2025-06-25 20:33:00 | DEBUG | repo=arquillian-phantom-binary | action=test | passed=true
2025-03-28 07:01:00 | WARN | repo=arquillian-phantom-binary | action=commit
2025-11-21 07:17:00 | WARN | repo=arquillian-phantom-binary | action=commit
2025-08-15 08:57:00 | DEBUG | repo=arquillian-phantom-binary | action=commit
2025-02-28 08:44:00 | INFO | repo=arquillian-phantom-binary | action=commit
2025-10-08 13:01:00 | WARN | repo=arquillian-phantom-binary | action=commit
2025-11-27 15:13:00 | DEBUG | repo=arquillian-phantom-binary | action=test | passed=true
2025-03-01 17:34:00 | INFO | repo=arquillian-phantom-binary | action=edit | files=3
2025-01-05 09:18:00 | WARN | repo=arquillian-phantom-binary | action=pull
2025-11-25 15:53:00 | DEBUG | repo=arquillian-phantom-binary | action=commit
2025-07-05 10:16:00 | INFO | repo=arquillian-phantom-binary | action=commit
2025-03-11 10:52:00 | WARN | repo=arquillian-phantom-binary | action=test | passed=true
2025-12-08 11:50:00 | DEBUG | repo=arquillian-phantom-binary | action=commit
